................................................................................................................................................................................................................................................................................................................................................................................................................................
-Wallet is: swth180zf237s7lszl2uwc54z0dpz5pp5dsw8l3xqqn 
-External transfers not found for this wallet 
....................................................................................................................................................................................................................................................................................................................................
-Wallet is: swth1kv309djqvv45ls4yfn7637nxm4rpukrychz8zz 
-External transfers not found for this wallet 
..........................
-Wallet is: swth16408939mg7443uxgtd7rp7cm3sgs8tqdmk55ap 
-External transfers not found for this wallet 
............................................................................................................................................................................................
-Wallet is: swth1nfzd9de4x7gfcqfacpm8tffcdg7ac3uz6j8vek 
-External transfers not found for this wallet 
Error: 28: Timeout was reached: Operation timed out after 60000 milliseconds with 0 bytes received
Retry request after 5sec, attempts left 4
....................
-Wallet is: swth16ujm8x4z0l03svdye9j4nfmcxx05adaxxwcvnf 
-External transfers not found for this wallet 
................................................................................................................................................................................................
-Wallet is: swth133t8m00w7llsslnf05zdhehharntly8du0lvae 
-External transfers not found for this wallet 
...............................................................................................
-Wallet is: swth1mxz5vpws5eu3hg3yyzr60zvlurm5xx6c7ferhk 
-External transfers not found for this wallet 
..........................................................................................
-Wallet is: swth18j3whegsqd09qx99j9efus34y7c3xsz335zrhv 
-External transfers not found for this wallet 
..........................................................................................................................................................................
-Wallet is: swth1f9cwvnvprekq28s9tz4956ls8nprz3pa23z0ty 
-External transfers not found for this wallet 
........................................................................................................................................................................
-Wallet is: swth1lkxct2s68h52ha6xj2qtvkc24mvsxptd676gqz 
-External transfers not found for this wallet 
...................................................................................................................................................................................................................................................................................................................................................................................
-Wallet is: swth1hznm38e7ryehjfqwh42lug7g4uw6snlx3aknzh 
-External transfers not found for this wallet 
..........Error: 28: Timeout was reached: Operation timed out after 60001 milliseconds with 0 bytes received
Retry request after 5sec, attempts left 4
..........................................................................................
-Wallet is: swth1zqn6s4flws0ssp3f2lqnmv8spc2ny036k7kdcm 
-External transfers not found for this wallet 
.............................................................................
-Wallet is: swth1ywm48fet6n4jgrenl6dsuzprrgxv3pd8k2h665 
-External transfers not found for this wallet 
...................................
-Wallet is: swth1eeqcfmupsh8yedrkhrq4u6mxfj4k6zv0jcy8dm 
-External transfers not found for this wallet 
...............................................................................................................................................................................................................................................................................................................................................................................................................................................................................................................................................................................................................................Error: 28: Timeout was reached: Operation timed out after 60001 milliseconds with 0 bytes received
Retry request after 5sec, attempts left 4
....................................................................................................Error: 28: Timeout was reached: Operation timed out after 60000 milliseconds with 0 bytes received
Retry request after 5sec, attempts left 4
.........................................................................................................................................................................................................................................
-Wallet is: swth1fkmuhqnrg5zzjvmtn84vmyf4sgnhhwfp950tqk 
-External transfers not found for this wallet 
......................................................
-Wallet is: swth1cnaky7q0mt6085aqz3mpfv0zp9afz65cmr99l8 
-External transfers not found for this wallet 
...............................................................................................................
-Wallet is: swth1wjrs4kre4h7v32g4ve437nyqy3nhc2jpqmc408 
-External transfers not found for this wallet 
................................................................................................................................................................................
-Wallet is: swth17wea6ch39ttul3u4vqvvwpcggt93zr4y37sfkt 
-External transfers not found for this wallet 
........................
-Wallet is: swth142nlue0043t3w5637v8hyrzjkz24wyxef53g6y 
-External transfers not found for this wallet 
....................................................................................................................................................................................
-Wallet is: swth10hs4deh2j5hngx855w75f3hpmkgd3emme58lrp 
-External transfers not found for this wallet 
...................................
-Wallet is: swth1msaczcqsmcpfhuntlr6vegzqq8tvrfzp9dsy0a 
-External transfers not found for this wallet 
.............................................................................................................
-Wallet is: swth168q9m45phwrw5le4w775n9xwz6ms7hq66tdrzu 
-External transfers not found for this wallet 
....................................................................................................................................................................................................................................................................................................................................................................................................................................................................................................................................................................................................................................................
-Wallet is: swth1vw9l6v83f6lm43yaxhnj4g5ekczk2f4m3vh88m 
-External transfers not found for this wallet 
...............
-Wallet is: swth17syer3j9va988yn7es49yyev354pg8584a2kfu 
-External transfers not found for this wallet 
......................
-Wallet is: swth1r4jdch655n0cx07kug99vuxq4daav9ypng4uaf 
-External transfers not found for this wallet 
...............................................................................................................................................................................................................................................................................................................................................................................................................Error: 28: Timeout was reached: Operation timed out after 60001 milliseconds with 0 bytes received
Retry request after 5sec, attempts left 4
....
-Wallet is: swth1ujmcywzwtmat0djjc7a4mna7najtacxdfclefx 
-External transfers not found for this wallet 
................................................................
-Wallet is: swth1pmej2kyy0ewvy3cehrae952jypgdryl2wrrn2m 
-External transfers not found for this wallet 
.................................................................................................................................................................................................................................................................................................................................................................................................................................................................................................................................................................................................
-Wallet is: swth1u9tn93jf2s7vvqwnv78q2xp3952est36vr2caa 
-External transfers not found for this wallet 
.................................................................................................................................................................................................................................................................................................................................................................................................................................................................................................................................................................................................................................................................................................................................
-Wallet is: swth1e4phs0j9acm77kh6mvsyrw3umvcgcy8avhj6xt 
-External transfers not found for this wallet 
..
-Wallet is: swth1cnekjj4w44mgj54d4n9ep6wlt8yf4xqnvr2dfw 
-External transfers not found for this wallet 
...........................
-Wallet is: swth16ahn6snwy2pxrt6uu9rdpxhwaku8s93gqe7y58 
-External transfers not found for this wallet 
.........................................................................................................................................................................................................................................................................................................................................................................................................................................................................................................................................................................................
-Wallet is: swth1ap00ravrazy2m8vaw8uw0yvss45tkc7vth9h2c 
-External transfers not found for this wallet 
.................................................................................
-Wallet is: swth168ehm7z332t5kmnnf2w3804lmqq0jqrayw8u50 
-External transfers not found for this wallet 
.....................................................................................................................................................................................................................................................................................................................................................................................................................................................................
-Wallet is: swth1fudtdfyyg9cl77f7r86wlxxm556hrdpqkqm6xv 
-External transfers not found for this wallet 
................................................................................................................................................................................................................................................................................................................................................................................
-Wallet is: swth1mr5wjkucr7j46ujl0etv46fjslvyrku3xmvasf 
-External transfers not found for this wallet 
........................................................................................................................................................................................................................................................................................................................................................
-Wallet is: swth1qxn6vvvy7m7fuphl43v0f3rvre4r5n3dtyuvak 
-External transfers not found for this wallet 
.............................................................................................................................................................................................................................................................................................................................................................................................
-Wallet is: swth15s0jwj6fuvy2xzdxrm7h3dufk2epyjp5uar23n 
-External transfers not found for this wallet 
...........................................................................Error: 28: Timeout was reached: Operation timed out after 60001 milliseconds with 0 bytes received
Retry request after 5sec, attempts left 4
...............................................................................................................................................................................................................................................................................................................................................................................................................................................................................................................................................................................................................................................................................................................................................
-Wallet is: swth1t0t8xv45j4sctq9hs6cr98dwtwavrtatp6jxzs 
-External transfers not found for this wallet 
.............................................................................................................................
-Wallet is: swth15tmk34lnjyue498n8lr764unxajw76v39lcrta 
-External transfers not found for this wallet 
.......
-Wallet is: swth1g7njwznwuxtp4ypp6lftu06ue2sn0sch04dczf 
-External transfers not found for this wallet 
..............................................................................................................
-Wallet is: swth18p2d7mnp45xqrluw3f9d0hyrzguqvcz08gaj4r 
-External transfers not found for this wallet 
.......................................................................................................................................................
-Wallet is: swth17nvrlzu2dtlphhsjqkgyuylgq3kqe334m0j96g 
-External transfers not found for this wallet 
.............................................................................................................................................................................................................
-Wallet is: swth1muyndqywqdlkxzp5lj4nulgf099pqnsxavald4 
-External transfers not found for this wallet 
.............................................................................................................................................................................................................
-Wallet is: swth1479umqs4rfqnr0469r8vctht7awyvrq9ccxpy2 
-External transfers not found for this wallet 
........................................................................
-Wallet is: swth1wmmsxykty8dgpltl0jaspymhfpupd0wxuwxnnt 
-External transfers not found for this wallet 
...................................................................................................................................................................................................................................................................................................................
-Wallet is: swth126pgd2nr0qt44dhda7gtmjwyttsd22fmzr944r 
-External transfers not found for this wallet 
...............
-Wallet is: swth1vfwmhxl87sfn27g6jctf4smuj8ez6d8hct4xdh 
-External transfers not found for this wallet 
................................................................................................Error: 28: Timeout was reached: Operation timed out after 60001 milliseconds with 0 bytes received
Retry request after 5sec, attempts left 4
....................................................................................................................
-Wallet is: swth10zy2wpaqwqavrv2jr9204gfeq5s3lhpmeark74 
-External transfers not found for this wallet 
..................................................................................................
-Wallet is: swth1rhguvtgdcapfanjs9fyfahsuvxcvrn5apdsvjj 
-External transfers not found for this wallet 
......................................................................................................
-Wallet is: swth1r49h0ya4sxw34r8leyhg5evuxpdsfnk04pgjvy 
-External transfers not found for this wallet 
.............................................................................................................................................................................................................................................................................
-Wallet is: swth1kl6qvl79mxsyhdfwsll95nj3cqkgk40yvfs0s6 
-External transfers not found for this wallet 
...................................................................................................................................................................................................................................................................................................................
-Wallet is: swth103aerjd6v33yuq4wzgwej5hne5aw0cm527vk6a 
-External transfers not found for this wallet 
.............................................................................................................................................................................................
-Wallet is: swth1lxv53qfxwkyndfk8kfdxwxpljp7fw9jpkt3wxv 
-External transfers not found for this wallet 
...............................................................
-Wallet is: swth13z2qe7rm7lp7gtpm5s0tdnzq9k2rlss6gue9py 
-External transfers not found for this wallet 
...............................................................................................................................................................................................................................................................................................................................................
-Wallet is: swth1xauhxewfffggx2ng7z5xjk3hylnge20n6le00e 
-External transfers not found for this wallet 
..........................................................................................................................................................................................................................................................................................................................................................................................................................................................................................................................................
-Wallet is: swth15vyts2anmvqswkcekr5xm0upey6yzykzuryl4h 
-External transfers not found for this wallet 
.......................................................................................................................................................................................................................................................................................
-Wallet is: swth17uttkxpmzkr5pfcs4wlhzxhyf4wwsc46rx99jx 
-External transfers not found for this wallet 
........................................................................................................................................................................................................
-Wallet is: swth106vxd3xrl22g68gvsq2z5qldf2pm7m7hnxpnyw 
-External transfers not found for this wallet 
...............................................................................................................................................................................................................................................................................................................................................................................................
-Wallet is: swth153374f0xues9gkt746z8zjrey9z288pnvrvmes 
-External transfers not found for this wallet 
............................................................................................................................................................................................................................................................................................................................................................
-Wallet is: swth1c5d5rzljnrvpmxh5zr3nf9rgn27afact20afa2 
-External transfers not found for this wallet 
.............................................................................................................................................................................................................................................................................................................................................................................................................................Error: 28: Timeout was reached: Operation timed out after 60000 milliseconds with 0 bytes received
Retry request after 5sec, attempts left 4
.........................................................................................................................................................................................................................................................................................................................................................................................................................................................Error: 28: Timeout was reached: Operation timed out after 60001 milliseconds with 0 bytes received
Retry request after 5sec, attempts left 4
Error: 28: Timeout was reached: Operation timed out after 60001 milliseconds with 0 bytes received
Retry request after 5sec, attempts left 3
..........................................................................................................................................................Error: 28: Timeout was reached: Operation timed out after 60001 milliseconds with 0 bytes received
Retry request after 5sec, attempts left 4
.............................................................................................................................................Error: 28: Timeout was reached: Operation timed out after 60001 milliseconds with 0 bytes received
Retry request after 5sec, attempts left 4
.........................................................................................................................................................................................................................................................................
-Wallet is: swth18ukfmp274vd5y4rd2cmjva549rsf4vrgj5u8v5 
-External transfers not found for this wallet 
.......................................................
-Wallet is: swth18x3l6d4qd46m95fdwmr4zsw4llulkj7nf6s4nk 
-External transfers not found for this wallet 
..................................................................................................................................................................................................................................................................................................................................................
-Wallet is: swth1deufjuh0jxknxdhlwczkftrumr55zzftyavvzk 
-External transfers not found for this wallet 
......................................................................................................................................................
-Wallet is: swth1cfwy9nn4z3v7ss2v4tzzungl95px02z8rr3pwl 
-External transfers not found for this wallet 

-Wallet is: swth1kk088cr6u8n5zfh237l5np5k5f7xwapc7afw4q 
-External transfers not found for this wallet 
.................................................................................................................................................................................................................................................................................................................................................
-Wallet is: swth1qa6z4fdjwtlyrg39aezzsqqn4vd3yd0lp3kxkk 
-External transfers not found for this wallet 
.................
-Wallet is: swth1zr0mmjmar3y068maxagg083u2xqsjcazpk4pw2 
-External transfers not found for this wallet 
............................................................................................................................................................................................................................................................................................
-Wallet is: swth1nlze2qugn9mtxguclgvsma7apdg2v6sxds9k8j 
-External transfers not found for this wallet 
..........................................................................................................................................................................................................................................................................................................................................................
-Wallet is: swth18mx2vs230rtaywynjcg0wuu602tdtg0snya276 
-External transfers not found for this wallet 

-Wallet is: swth1g7nfavvs252h728372gdm4ac897m9fsupdlx22 
-External transfers not found for this wallet 
.........
-Wallet is: swth1yyepjpjsrve6vy6l77nk88dtts8la9r3kpy3jz 
-External transfers not found for this wallet 
........................................................................................................................................................................................................................................................................................................................................................................................
-Wallet is: swth1ua84mpv7rzl6p9vkhverpg94d05c3m3dlrtfxt 
-External transfers not found for this wallet 
.................................................................................................................................................
-Wallet is: swth1g7yshn6fw92664vej4kyz8eqeka96th0qf3eg9 
-External transfers not found for this wallet 
.............
-Wallet is: swth1ykz0vd6aypf9h4n2af0l56hg0dlqysgg2dug3k 
-External transfers not found for this wallet 
...........................................................Error: 28: Timeout was reached: Operation timed out after 60001 milliseconds with 0 bytes received
Retry request after 5sec, attempts left 4
.............................................................................
-Wallet is: swth169vmuvf4zqeelulzqchzhuz3rwa8gekpldkdw9 
-External transfers not found for this wallet 
....................................................................................................
-Wallet is: swth1x4p9mt3jm0ju3xhnyj0xjzse8hjpv4le587ta4 
-External transfers not found for this wallet 
...................................................................................................................................
-Wallet is: swth1el5m07977ds7f7ypn48l0leelkm8r5a5frqqg0 
-External transfers not found for this wallet 
................................................................................................................................................................................................................
-Wallet is: swth1jlh83cfu4xem2nyu7vvqqnhz66z03rjlag2k9q 
-External transfers not found for this wallet 
........................................................................................................................................................................................................................................................................................................................................................Error: 28: Timeout was reached: Operation timed out after 60001 milliseconds with 0 bytes received
Retry request after 5sec, attempts left 4
.......................................................................................................................................................................................................................................................................................
-Wallet is: swth12j2frlmwc26xv9dqj08tnqxpjy7yklsxa8p4da 
-External transfers not found for this wallet 
...............................................................................................................................................................................................................................................................................................................................................................................................................................................................
-Wallet is: swth186dx05gt4k4degt63keld7qrdd38e4q4pz70hx 
-External transfers not found for this wallet 
......................
-Wallet is: swth122tyh2tx48qwqqj8tp6wt8ywskvclldjtu437m 
-External transfers not found for this wallet 
....................................................................
-Wallet is: swth1huuyw8p82hu63ak5dye9dv9m66vr49z0egnkqy 
-External transfers not found for this wallet 
..................................................................................................................................................
-Wallet is: swth1lhh086ywmwqp3dcg0txutkg3qlrgmqp62xcsjc 
-External transfers not found for this wallet 
......................
-Wallet is: swth1pcwaut0w2zeepj7kqs7d7pfh6uhq90f652d4rc 
-External transfers not found for this wallet 
....................................................................................................................................................................................................................................................................................................................................................
-Wallet is: swth1e0d0daqr34t7kgdumgrlrwf7xye9alqfd5exn7 
-External transfers not found for this wallet 
...............................................................................Error: 28: Timeout was reached: Operation timed out after 60000 milliseconds with 0 bytes received
Retry request after 5sec, attempts left 4
.......................................................................................................................................................................................................................................................................................................................................................
-Wallet is: swth1vnx9mrzeq6yyap80w97xwurzmczfscn7wdew9g 
-External transfers not found for this wallet 
....................................................
-Wallet is: swth13e00ttf4mhrqxv06x7u4h9nw8sujhppfrz5hyf 
-External transfers not found for this wallet 
..........................................................................
-Wallet is: swth1je5masg9zm4gyfpjn9jutl7r5cf3fpzrry2ak9 
-External transfers not found for this wallet 
.............................................................................Error: 28: Timeout was reached: Operation timed out after 60001 milliseconds with 0 bytes received
Retry request after 5sec, attempts left 4
...........................................................
-Wallet is: swth1j4rpnyrkjefjwr3d5nzczvkamu3934xtg4wdjz 
-External transfers not found for this wallet 
...............................................................................................................................................................................................................................................................................................................................................................................................................................Error: 28: Timeout was reached: Operation timed out after 60001 milliseconds with 0 bytes received
Retry request after 5sec, attempts left 4
..........................
-Wallet is: swth1pp4y2kytr2zr0g7tehj6dlylecrpvv2x7peu53 
-External transfers not found for this wallet 
................................................................................................................................................................................
-Wallet is: swth1x3du2regnuzy2udv6mlqlmql4g0fnrefte6jle 
-External transfers not found for this wallet 
.............................................................................Error: 28: Timeout was reached: Operation timed out after 60001 milliseconds with 0 bytes received
Retry request after 5sec, attempts left 4
..................................................................................................................................................................................................................................................................
-Wallet is: swth1008wsrenfh5zxtw8pa9ndjdtu4flhgyexfvmax 
-External transfers not found for this wallet 
..................................................................................................................................................................................................................................................................................
-Wallet is: swth16s9g7cffxnm7eepmery6jc7g2jgq7jl93pgnrw 
-External transfers not found for this wallet 
...........................................................................
-Wallet is: swth199xqv3cna92ephphm5anyc47dvfm38dyted5gh 
-External transfers not found for this wallet 
....................................................................................
-Wallet is: swth1ckfcdmqstktp78g9zg20qgl3grkjw39tzkzr3g 
-External transfers not found for this wallet 
........................................................................................................................................
-Wallet is: swth1chjud7t9fa97fwcs4wmh3p40jqtc73rqluwsl9 
-External transfers not found for this wallet 
.............................................................................................................
-Wallet is: swth1s0qtkr525lylf98amqa9mfpf5s7jprcscmugxc 
-External transfers not found for this wallet 
...........................................................................................................................................................................................................................................................
-Wallet is: swth13mm0ua6c20f8jup3q2g0uuw2k5n54cgkmlet27 
-External transfers not found for this wallet 
....................................................................................................................................................
-Wallet is: swth15gkku7hdjwrnmzkgc40029w2p6qp2jkuju0vef 
-External transfers not found for this wallet 
..........................................................................................................................................................................................................................................................................................................................................................................................
-Wallet is: swth1ygp293vy89246czem5xqs3xfdm3zj29auvyuap 
-External transfers not found for this wallet 
.....................................................................................................................................................................................
-Wallet is: swth1x0g8z5jnr3yr76j4mv2f4287955dgknxja0gqq 
-External transfers not found for this wallet 
.....................................................
-Wallet is: swth10jgex8gylxvym3kd9qmgx5fwm0vhu2ej32ymsd 
-External transfers not found for this wallet 
..............................................................................................................................................................................................................................................................................................
-Wallet is: swth1w5lep3d53p5dtkg37gerq6qxdlagykyru643dt 
-External transfers not found for this wallet 
.........................................................................
-Wallet is: swth1acmx7e6rupvf4ng7rqndean0ycclsc3gyhumjk 
-External transfers not found for this wallet 
.......................................................................................
-Wallet is: swth1z8mypxwmnt5zpxvvzjtkv7dx0q0pypvgre2s4f 
-External transfers not found for this wallet 
...................................................................................................................................................................................................
-Wallet is: swth16nt0wnwd6q8wu43czjra7ezvuccrp2f4jg4z8n 
-External transfers not found for this wallet 
..................................................
-Wallet is: swth1us4lnvly9w4tge2h8fx5dkwlsl9ny8ev0e66hc 
-External transfers not found for this wallet 
..........................................................................................................................................................
-Wallet is: swth1qvhdvnrxh84f2teng58qugx77unm8v5txrgh9p 
-External transfers not found for this wallet 
..............................................................
-Wallet is: swth1hptfhcdh02pa4qdcrvn89jkhukx4ujq5tegz2n 
-External transfers not found for this wallet 
..............................................................................................................................................
-Wallet is: swth13jr6347kvmx0990cynkn7q574pa8r0azmcqxy3 
-External transfers not found for this wallet 
......................................
-Wallet is: swth1xqj7r3xhwn4xzv80hl2hl35chqlqz463wamjr8 
-External transfers not found for this wallet 
................................................................
-Wallet is: swth1ms7jhgcc0c2eyflvcemdy87tjk9lktyvyvfsvs 
-External transfers not found for this wallet 
................................................................................
-Wallet is: swth1p90pznjc55r7zftjv9ghduslkurvd7kr4xg7q0 
-External transfers not found for this wallet 
..............................................................................................................................
-Wallet is: swth1jqld99kymmr6hweuyecgydkm9t2lvhv3207ejd 
-External transfers not found for this wallet 
.....................................................................................................
-Wallet is: swth1dg60th97fp7adp0gdfeytp7x6lg268kdrmgpy3 
-External transfers not found for this wallet 
.....................................................................................................................................................................................................................................................................................................................................................
-Wallet is: swth1j236u4k5rchszam289j6ac4w6qkslqf74c702j 
-External transfers not found for this wallet 
.................................................................................................................................................................................
-Wallet is: swth10m8pevfely4yl36e8m0nwcuq7tgm4nupzyx42k 
-External transfers not found for this wallet 
......................................................................................................................................................................................................................
-Wallet is: swth1w2v2du9qmc2qe4kvph3etrn9hvhzhuvr5vgu34 
-External transfers not found for this wallet 
....................................................................................................................................................................................................................................................................................
-Wallet is: swth1xxl2xjap94p4guzryt0tuac0ejyyumzl2cvqrv 
-External transfers not found for this wallet 

-Wallet is: swth13eyec60n6v0y6u2dl2y9mcsnsuw03d4zqmkkt6 
-External transfers not found for this wallet 
..........................................................................................................................................................................................................................................................................................................................................................................................................................................................................................Error: 28: Timeout was reached: Operation timed out after 60001 milliseconds with 0 bytes received
Retry request after 5sec, attempts left 4
................................................................................
-Wallet is: swth1xmpxhefktrlkgr9smsm9rpsfk6qvvrrhsqfsgn 
-External transfers not found for this wallet 
...........................................................................................................................................................................................................................................................................................................................Error: 500: HTTP/1.1 500 Internal Server Error
Retry request after 5sec, attempts left 4
...........................................................................................Error: 500: HTTP/1.1 500 Internal Server Error
Retry request after 5sec, attempts left 4
..............................................................................................................................................................................Error: 28: Timeout was reached: Operation timed out after 60001 milliseconds with 0 bytes received
Retry request after 5sec, attempts left 4
......................
-Wallet is: swth1u2t5zwjegphqdvz9l07hj3lx3z2gl8ft23upan 
-External transfers not found for this wallet 
.........................................................................................................................................................................................................
-Wallet is: swth1rxk4hd5jtu4ffgu5j88z4fcvjyqxvu4h4v86x5 
-External transfers not found for this wallet 
......................................................................
-Wallet is: swth19l63zax9nm42xfv03xdwr3fpp0van8yvmnv608 
-External transfers not found for this wallet 
.................................................................................................................................................................................................................................................................................
-Wallet is: swth14eecmsg08yt2pr6z78hq6al6knuqdc08t6q3ms 
-External transfers not found for this wallet 
............................................................
-Wallet is: swth1va4t4tr4rn8dzahysrrw4hec8ghllkkk2qgk2w 
-External transfers not found for this wallet 
..............................................................................................................................................................................................................................................................................................................................................................................................................................................................................................................................................................
-Wallet is: swth1y58z7qdad0xqd9jf6wkvtsce6mds3l2hresjwe 
-External transfers not found for this wallet 
.........................................................................................................................................................................................................................................................................................................................................................................................
-Wallet is: swth1wydjpdx3zsz0mtqcfa0vzksyn3smvefg04tjgy 
-External transfers not found for this wallet 
................................................................................................................................................................................................
-Wallet is: swth1fx3a4ecq6dqrgqed0gysxvvmv063kvhsxea30f 
-External transfers not found for this wallet 
Error: 500: HTTP/1.1 500 Internal Server Error
Retry request after 5sec, attempts left 4
...................................................................................................................
-Wallet is: swth1q22rq00dsusa6rzsxv8afnp60g36cmkm6rchzx 
-External transfers not found for this wallet 
.....
-Wallet is: swth1a432zlu22p6m4m0xgks7mea8tpz9jum2vvjwh5 
-External transfers not found for this wallet 
...................................................................................................................................................................................................................................................................................................................................................................................................................................................................................................................................
-Wallet is: swth1hzy44hlrdyvnl7racn3qqs3memhrdd8hjap4zw 
-External transfers not found for this wallet 
...................................................................................................
-Wallet is: swth1ndesqlh7vgwjxqy6uulkzrr3lmzwfjssutlza2 
-External transfers not found for this wallet 
............................................................................................
-Wallet is: swth12lfyraclggnlqluu46fanc96txywdt0qch0ncg 
-External transfers not found for this wallet 
.................................................................................................................................................Error: 500: HTTP/1.1 500 Internal Server Error
Retry request after 5sec, attempts left 4
Error: 500: HTTP/1.1 500 Internal Server Error
Retry request after 5sec, attempts left 3
................
-Wallet is: swth1h6gtj2zqqp9lynp353jnadszl8h6xnrwtlwddj 
-External transfers not found for this wallet 
......................................................................................Error: 500: HTTP/1.1 500 Internal Server Error
Retry request after 5sec, attempts left 4
...................................................................................
-Wallet is: swth1nuqzl54gurau47zjvrz8hl6zzdlddx9dl5hr3v 
-External transfers not found for this wallet 
..................................................................................
-Wallet is: swth17vkmj89r60y7xpm4uvd3z74tp7653st4hsqcz0 
-External transfers not found for this wallet 
....
-Wallet is: swth18z3eujuc8a9s45jwkzz4kxlr0u0ffaeu8fahda 
-External transfers not found for this wallet 
....................................................................................................................................................................................................................
-Wallet is: swth16fyu6usmm0pf3v7jsc7ucf4ruvh8us49pnvsw3 
-External transfers not found for this wallet 
......................................
-Wallet is: swth1jtf8n2jjmmcnt8sk93jsds6vqn77n9r5q4327g 
-External transfers not found for this wallet 
.
-Wallet is: swth15q2fg742xhjt630d0qvnurnkma38sh2ysjq7qv 
-External transfers not found for this wallet 
Error: 500: HTTP/1.1 500 Internal Server Error
Retry request after 5sec, attempts left 4
..Error: 500: HTTP/1.1 500 Internal Server Error
Retry request after 5sec, attempts left 4
...............................................Error: 500: HTTP/1.1 500 Internal Server Error
Retry request after 5sec, attempts left 4
Error: 500: HTTP/1.1 500 Internal Server Error
Retry request after 5sec, attempts left 3
Error: 500: HTTP/1.1 500 Internal Server Error
Retry request after 5sec, attempts left 2
Error: 500: HTTP/1.1 500 Internal Server Error
Retry request after 5sec, attempts left 1
Error: 500: HTTP/1.1 500 Internal Server Error
Retry request after 5sec, attempts left 0
Error: 500: HTTP/1.1 500 Internal Server Error

-Wallet is: swth12km69kesxrql6clv0m4kpwg9h6w5wanucw6pp5 
-External transfers not found for this wallet 
string(6) "Error:"
string(29) "External transfers load error"
array(3) {
  ["file"]=>
  string(21) "swth_external_checker"
  ["line"]=>
  int(57)
  ["trace"]=>
  string(9) "#0 {main}"
}
